{"/home/adam/Projects/lab/enzyme-v3-react-16-jest-23-and-babel-7/index.js": {"path":"/home/adam/Projects/lab/enzyme-v3-react-16-jest-23-and-babel-7/index.js","statementMap":{"0":{"start":{"line":2,"column":2},"end":{"line":2,"column":20}},"1":{"start":{"line":4,"column":0},"end":{"line":4,"column":13}}},"fnMap":{"0":{"name":"someFunction","decl":{"start":{"line":1,"column":9},"end":{"line":1,"column":21}},"loc":{"start":{"line":1,"column":33},"end":{"line":3,"column":1}},"line":1}},"branchMap":{},"s":{"0":1,"1":1},"f":{"0":1},"b":{},"_coverageSchema":"332fd63041d2c1bcb487cc26dd0d5f7d97098a6c","hash":"85c73bf36960e9bd39187f4fb7e444f01d3c1450"}
,"/home/adam/Projects/lab/enzyme-v3-react-16-jest-23-and-babel-7/jest.setup.js": {"path":"/home/adam/Projects/lab/enzyme-v3-react-16-jest-23-and-babel-7/jest.setup.js","statementMap":{"0":{"start":{"line":6,"column":0},"end":{"line":6,"column":45}}},"fnMap":{},"branchMap":{},"s":{"0":1},"f":{},"b":{},"_coverageSchema":"332fd63041d2c1bcb487cc26dd0d5f7d97098a6c","hash":"5b366589d02d340e7551d4a0f617f42fd91dd381"}
}
